Exporter version: 6.4.1, Blender version: 2.83.0
========= Conversion from Blender to Babylon.js =========
	Scene settings used :
		Inline textures     :  false
		Material Type       :  PBR
		Positions Precision :  4
		Normals Precision   :  3
		UVs Precision       :  3
		Vert Color Precision:  3
		Mat Weight Precision:  2
		Keep Z-up r-handed  :  no
		Texture directory   :  /home/akash/Documents/Blender/babylon files/
	Python World class constructor completed
	processing begun of camera (UniversalCamera):  Camera
	processing begun of mesh:  MMSEV
		processing begun of material:  MMSEV
			processing texture MMSEV_Bump_v1s
				texture type:  bumpTexture, mapped using: "UVMap"
			processing texture MMSEV_Color_v2s
				texture type:  diffuseTexture, mapped using: "UVMap"
		Custom split normals with tangents being used
		num positions      :  425948
		num normals        :  425948
		num tangents       :  1703792
		num uvs            :  851896
		num uvs2           :  0
		num colors         :  0
		num triangles      :  413198
	processing begun of mesh:  bus
		processing begun of material:  foil_silver
		processing begun of material:  carbon fiber
		processing begun of material:  aluminum
			processing texture foil_n
				texture type:  bumpTexture, mapped using: "UVMap"
			processing texture CarbonFiber_normal
				texture type:  bumpTexture, mapped using: "UVMap"
			processing texture CarbonFiber_albedo2
				texture type:  diffuseTexture, mapped using: "UVMap"
			processing texture CarbonFiber_roughness2
				texture type:  value not meaningful 2, mapped using: "UVMap"
		processing begun of multimaterial:  bus_nav.Multimaterial#0
		Custom split normals with tangents being used
		num positions      :  389
		num normals        :  389
		num tangents       :  1556
		num uvs            :  778
		num uvs2           :  0
		num colors         :  0
		num triangles      :  338
	processing begun of mesh:  cams
		processing begun of material:  carbon fiber
		processing begun of material:  binoculars
		registered as also a user of material:  carbon fiber
			processing texture cameras_diff
				texture type:  diffuseTexture, mapped using: "UVMap"
			processing texture cameras_metal
				texture type:  metallicTexture, mapped using: "UVMap"
			processing texture cameras_rough
				texture type:  value not meaningful 2, mapped using: "UVMap"
		processing begun of multimaterial:  bus_nav.Multimaterial#1
		Custom split normals with tangents being used
		num positions      :  77
		num normals        :  77
		num tangents       :  308
		num uvs            :  154
		num uvs2           :  0
		num colors         :  0
		num triangles      :  38
	processing begun of mesh:  leg_01
		processing begun of material:  gunmetal
		processing begun of material:  gunmetal_dark
		processing begun of material:  aluminum
		registered as also a user of material:  aluminum
		processing begun of multimaterial:  bus_nav.Multimaterial#2
		Custom split normals with tangents being used
		num positions      :  666
		num normals        :  666
		num tangents       :  2664
		num uvs            :  1332
		num uvs2           :  0
		num colors         :  0
		num triangles      :  662
	processing begun of mesh:  leg_02
		processing begun of material:  gunmetal
		processing begun of material:  gunmetal_dark
		processing begun of material:  aluminum
		registered as also a user of material:  gunmetal
		registered as also a user of material:  gunmetal_dark
		registered as also a user of material:  aluminum
		processing begun of multimaterial:  bus_nav.Multimaterial#3
		Custom split normals with tangents being used
		num positions      :  667
		num normals        :  667
		num tangents       :  2668
		num uvs            :  1334
		num uvs2           :  0
		num colors         :  0
		num triangles      :  662
	processing begun of mesh:  leg_03
		processing begun of material:  gunmetal
		processing begun of material:  gunmetal_dark
		processing begun of material:  aluminum
		registered as also a user of material:  gunmetal
		registered as also a user of material:  gunmetal_dark
		registered as also a user of material:  aluminum
		processing begun of multimaterial:  bus_nav.Multimaterial#4
		Custom split normals with tangents being used
		num positions      :  666
		num normals        :  666
		num tangents       :  2664
		num uvs            :  1332
		num uvs2           :  0
		num colors         :  0
		num triangles      :  662
	processing begun of mesh:  leg_04
		processing begun of material:  gunmetal
		processing begun of material:  gunmetal_dark
		processing begun of material:  aluminum
		registered as also a user of material:  gunmetal
		registered as also a user of material:  gunmetal_dark
		registered as also a user of material:  aluminum
		processing begun of multimaterial:  bus_nav.Multimaterial#5
		Custom split normals with tangents being used
		num positions      :  667
		num normals        :  667
		num tangents       :  2668
		num uvs            :  1334
		num uvs2           :  0
		num colors         :  0
		num triangles      :  662
	processing begun of mesh:  parts_01
		processing begun of material:  aluminum
		processing begun of material:  gunmetal
		processing begun of material:  grey_brushed
		registered as also a user of material:  aluminum
		registered as also a user of material:  gunmetal
		processing begun of multimaterial:  bus_nav.Multimaterial#6
		Custom split normals with tangents being used
		num positions      :  908
		num normals        :  908
		num tangents       :  3632
		num uvs            :  1816
		num uvs2           :  0
		num colors         :  0
		num triangles      :  676
	processing begun of mesh:  parts_02
		processing begun of material:  aluminum
		processing begun of material:  gunmetal
		processing begun of material:  grey_brushed
		registered as also a user of material:  aluminum
		registered as also a user of material:  gunmetal
		registered as also a user of material:  grey_brushed
		processing begun of multimaterial:  bus_nav.Multimaterial#7
		Custom split normals with tangents being used
		num positions      :  909
		num normals        :  909
		num tangents       :  3636
		num uvs            :  1818
		num uvs2           :  0
		num colors         :  0
		num triangles      :  676
	processing begun of mesh:  rotors_01
		processing begun of material:  gunmetal
		processing begun of material:  carbon fiber
		processing begun of material:  aluminum
		processing begun of material:  blades
		registered as also a user of material:  gunmetal
		registered as also a user of material:  carbon fiber
		registered as also a user of material:  aluminum
			processing texture blade
				texture type:  diffuseTexture, mapped using: "UVMap"
		processing begun of multimaterial:  bus_nav.Multimaterial#8
		Custom split normals with tangents being used
		num positions      :  1980
		num normals        :  1980
		num tangents       :  7920
		num uvs            :  3960
		num uvs2           :  0
		num colors         :  0
		num triangles      :  2122
		WARNING: # of 0 area faces found:  32
	processing begun of mesh:  rotors_02
		processing begun of material:  blades
		processing begun of material:  carbon fiber
		processing begun of material:  gunmetal
		processing begun of material:  aluminum
		registered as also a user of material:  blades
		registered as also a user of material:  carbon fiber
		registered as also a user of material:  gunmetal
		registered as also a user of material:  aluminum
		processing begun of multimaterial:  bus_nav.Multimaterial#9
		Custom split normals with tangents being used
		num positions      :  1973
		num normals        :  1973
		num tangents       :  7892
		num uvs            :  3946
		num uvs2           :  0
		num colors         :  0
		num triangles      :  2090
		WARNING: # of 0 area faces found:  32
	processing begun of mesh:  solar_panel
		processing begun of material:  gunmetal_dark
		processing begun of material:  chopper_sp
			WARNING: unsupported node group(Group) will trigger baking
		processing begun of material:  gold
		processing begun of material:  aluminum
			WARNING: Metal channel baking required, but not possible, ignored
			WARNING: Roughness channel baking required, but not possible, ignored
			WARNING: Refraction channel baking required, but not possible, ignored
			Baking texture, type: DIFFUSE, mapped using: BakingUV
			processing texture solar_panel_baked_DIFFUSE
				texture type:  diffuseTexture, mapped using: "BakingUV"
			Baking texture, type: GLOSSY, mapped using: BakingUV
			processing texture solar_panel_baked_GLOSSY
				texture type:  specularTexture, mapped using: "BakingUV"
			Baking texture, type: NORMAL, mapped using: BakingUV
			processing texture solar_panel_baked_NORMAL
				texture type:  bumpTexture, mapped using: "BakingUV"
			bake time:  0 min, 35.4445 secs
		Custom split normals with tangents being used
		num positions      :  843
		num normals        :  843
		num tangents       :  3372
		num uvs            :  1686
		num uvs2           :  0
		num colors         :  0
		num triangles      :  536
	processing begun of light (POINT):  Light
========= Writing of JSON file started =========
	writing mesh:  MMSEV
	writing mesh:  bus
	writing mesh:  cams
	writing mesh:  leg_01
	writing mesh:  leg_02
	writing mesh:  leg_03
	writing mesh:  leg_04
	writing mesh:  parts_01
	writing mesh:  parts_02
	writing mesh:  rotors_01
	writing mesh:  rotors_02
	writing mesh:  solar_panel
========= Writing of JSON file completed =========
========= end of processing =========
elapsed time:  1 min, 24.9768 secs
