Exporter version: 6.4.1, Blender version: 2.83.0
========= Conversion from Blender to Babylon.js =========
	Scene settings used :
		Inline textures     :  false
		Material Type       :  PBR
		Positions Precision :  4
		Normals Precision   :  3
		UVs Precision       :  3
		Vert Color Precision:  3
		Mat Weight Precision:  2
		Keep Z-up r-handed  :  no
		Texture directory   :  /Users/simone/blender/
	Python World class constructor completed
	WARNING: No active camera has been assigned, or is not in a currently selected Blender layer
	processing begun of skeleton:  RIG, id:  0
		processing begun of bone:  root, index:  0
		processing begun of bone:  trunk, index:  1
		processing begun of bone:  head, index:  2
		processing begun of bone:  upperArm.L, index:  3
		processing begun of bone:  lowerArm.L, index:  4
		processing begun of bone:  hand.L, index:  5
		processing begun of bone:  Index1.L, index:  6
		processing begun of bone:  Index2.L, index:  7
		processing begun of bone:  Index3.L, index:  8
		processing begun of bone:  Index4.L, index:  9
		processing begun of bone:  thumb1.L, index:  10
		processing begun of bone:  thumb2.L, index:  11
		processing begun of bone:  thumb3.L, index:  12
		processing begun of bone:  middle1.L, index:  13
		processing begun of bone:  middle2.L, index:  14
		processing begun of bone:  middle3.L, index:  15
		processing begun of bone:  middle4.L, index:  16
		processing begun of bone:  ring1.L, index:  17
		processing begun of bone:  ring2.L, index:  18
		processing begun of bone:  ring3.L, index:  19
		processing begun of bone:  ring4.L, index:  20
		processing begun of bone:  pinky1.L, index:  21
		processing begun of bone:  pinky2.L, index:  22
		processing begun of bone:  pinky3.L, index:  23
		processing begun of bone:  pinky4.L, index:  24
		processing begun of bone:  upperArm.R, index:  25
		processing begun of bone:  lowerArm.R, index:  26
		processing begun of bone:  hand.R, index:  27
		processing begun of bone:  index1.R, index:  28
		processing begun of bone:  index2.R, index:  29
		processing begun of bone:  index3.R, index:  30
		processing begun of bone:  index4.R, index:  31
		processing begun of bone:  thumb1.R, index:  32
		processing begun of bone:  thumb2.R, index:  33
		processing begun of bone:  thumb3.R, index:  34
		processing begun of bone:  middle1.R, index:  35
		processing begun of bone:  middle2.R, index:  36
		processing begun of bone:  middle3.R, index:  37
		processing begun of bone:  middle4.R, index:  38
		processing begun of bone:  ring1.R, index:  39
		processing begun of bone:  ring2.R, index:  40
		processing begun of bone:  ring3.R, index:  41
		processing begun of bone:  ring4.R, index:  42
		processing begun of bone:  pinky1.R, index:  43
		processing begun of bone:  pinky2.R, index:  44
		processing begun of bone:  pinky3.R, index:  45
		processing begun of bone:  pinky4.R, index:  46
		processing begun of bone:  upperLeg.L, index:  47
		processing begun of bone:  lowerLeg.L, index:  48
		processing begun of bone:  upperFoot.L, index:  49
		processing begun of bone:  lowerFoot.L, index:  50
		processing begun of bone:  upperLeg.R, index:  51
		processing begun of bone:  lowerLeg.R, index:  52
		processing begun of bone:  upperFoot.R, index:  53
		processing begun of bone:  lowerFoot.R, index:  54
		processing begun of bone:  neck, index:  55
		processing begun of bone:  mask, index:  56
		processing begun of bone:  chest.R, index:  57
		processing begun of bone:  chest.L, index:  58
		processing action Jump:  in[0 - 80], out[0 - 80]
		processing action Stand:  in[0 - 80], out[90 - 170]
		processing action Walk:  in[0 - 80], out[180 - 260]
	processing begun of mesh:  Z2
		processing begun of material:  Baked.001
			processing texture z2_Bump_s
				texture type:  bumpTexture, mapped using: "UVMap"
			processing texture z2_Color_s
				texture type:  diffuseTexture, mapped using: "UVMap"
			processing texture z2_spec_color_s
				texture type:  specularTexture, mapped using: "UVMap"
		Custom split normals with tangents being used
		num positions      :  21536
		num normals        :  21536
		num tangents       :  86144
		num uvs            :  43072
		num uvs2           :  0
		num colors         :  0
		num triangles      :  30904
		Skeleton stats:  
			WARNING: Maximum # of influencers exceeded for 52 vertices, extras ignored
			Total Influencers:  55013
			Avg # of influencers per vertex:  2.5545
			Highest # of influencers observed:  10, num vertices with this:  52
			exported as 8 influencers
			num skeletonWeights and skeletonIndices:  172288
		WARNING: # of 0 area faces found:  22
========= Writing of JSON file started =========
	writing mesh:  Z2
========= Writing of JSON file completed =========
========= end of processing =========
elapsed time:  0 min, 15.2781 secs
